<?xml version="1.0" encoding="UTF-8"?>
<!-- Generated by org.testng.reporters.JUnitReportReporter -->
<testsuite hostname="DESKTOP-0SNBHD6" failures="0" tests="3" name="tests.PutAndPatchDeleteTest" time="5.469" errors="0" timestamp="2024-10-18T15:47:27 IST" skipped="0">
  <testcase classname="tests.PutAndPatchDeleteTest" name="deleeTest" time="4.436"/>
  <testcase classname="tests.PutAndPatchDeleteTest" name="patchTest" time="0.626"/>
  <testcase classname="tests.PutAndPatchDeleteTest" name="putTest" time="0.407"/>
</testsuite> <!-- tests.PutAndPatchDeleteTest -->
