<?xml version="1.0" encoding="UTF-8"?>
<!-- Generated by org.testng.reporters.JUnitReportReporter -->
<testsuite hostname="DESKTOP-0SNBHD6" failures="0" tests="2" name="tests.FirstSimpleTest" time="4.407" errors="0" timestamp="2024-10-18T13:29:09 IST" skipped="0">
  <testcase classname="tests.FirstSimpleTest" name="test2" time="1.251"/>
  <testcase classname="tests.FirstSimpleTest" name="test1" time="3.156"/>
</testsuite> <!-- tests.FirstSimpleTest -->
