<?xml version="1.0" encoding="UTF-8"?>
<!-- Generated by org.testng.reporters.JUnitReportReporter -->
<testsuite hostname="DESKTOP-0SNBHD6" failures="0" tests="1" name="tests.GetAndPostExamples" time="4.470" errors="0" timestamp="2024-10-18T14:40:53 IST" skipped="0">
  <testcase classname="tests.GetAndPostExamples" name="testPost" time="4.470"/>
</testsuite> <!-- tests.GetAndPostExamples -->
