<?xml version="1.0" encoding="UTF-8"?>
<!-- Generated by org.testng.reporters.JUnitReportReporter -->
<testsuite hostname="DESKTOP-0SNBHD6" failures="0" tests="1" name="tests.JsonScemaValidator" time="4.477" errors="0" timestamp="2024-10-18T19:50:32 IST" skipped="0">
  <testcase classname="tests.JsonScemaValidator" name="testGet" time="4.477"/>
</testsuite> <!-- tests.JsonScemaValidator -->
