<?xml version="1.0" encoding="UTF-8"?>
<!-- Generated by org.testng.reporters.JUnitReportReporter -->
<testsuite hostname="DESKTOP-0SNBHD6" failures="0" tests="1" name="tests.SoapXMLRequest" time="4.216" errors="0" timestamp="2024-10-18T21:58:52 IST" skipped="0">
  <testcase classname="tests.SoapXMLRequest" name="validateSoapXML" time="4.216"/>
</testsuite> <!-- tests.SoapXMLRequest -->
